Oct 03 2023 10:25:01
{"type":8192,"message":"Return type of Ai1wm_Recursive_Newline_Filter::accept() should either be compatible with FilterIterator::accept(): bool, or the #[\\ReturnTypeWillChange] attribute should be used to temporarily suppress the notice","file":"C:\\xampp\\htdocs\\koukaki\\wp-content\\plugins\\all-in-one-wp-migration\\lib\\vendor\\servmask\\filter\\class-ai1wm-recursive-newline-filter.php","line":28}

Oct 03 2023 10:25:02
{"type":8192,"message":"Return type of Ai1wm_Recursive_Newline_Filter::accept() should either be compatible with FilterIterator::accept(): bool, or the #[\\ReturnTypeWillChange] attribute should be used to temporarily suppress the notice","file":"C:\\xampp\\htdocs\\koukaki\\wp-content\\plugins\\all-in-one-wp-migration\\lib\\vendor\\servmask\\filter\\class-ai1wm-recursive-newline-filter.php","line":28}

Oct 03 2023 10:25:02
{"type":8192,"message":"Return type of Ai1wm_Recursive_Newline_Filter::accept() should either be compatible with FilterIterator::accept(): bool, or the #[\\ReturnTypeWillChange] attribute should be used to temporarily suppress the notice","file":"C:\\xampp\\htdocs\\koukaki\\wp-content\\plugins\\all-in-one-wp-migration\\lib\\vendor\\servmask\\filter\\class-ai1wm-recursive-newline-filter.php","line":28}

Oct 03 2023 10:25:03
{"type":8192,"message":"Return type of Ai1wm_Recursive_Newline_Filter::accept() should either be compatible with FilterIterator::accept(): bool, or the #[\\ReturnTypeWillChange] attribute should be used to temporarily suppress the notice","file":"C:\\xampp\\htdocs\\koukaki\\wp-content\\plugins\\all-in-one-wp-migration\\lib\\vendor\\servmask\\filter\\class-ai1wm-recursive-newline-filter.php","line":28}

Oct 03 2023 10:25:03
{"type":8192,"message":"Return type of Ai1wm_Recursive_Newline_Filter::accept() should either be compatible with FilterIterator::accept(): bool, or the #[\\ReturnTypeWillChange] attribute should be used to temporarily suppress the notice","file":"C:\\xampp\\htdocs\\koukaki\\wp-content\\plugins\\all-in-one-wp-migration\\lib\\vendor\\servmask\\filter\\class-ai1wm-recursive-newline-filter.php","line":28}

Oct 03 2023 10:25:03
{"type":8192,"message":"Return type of Ai1wm_Recursive_Newline_Filter::accept() should either be compatible with FilterIterator::accept(): bool, or the #[\\ReturnTypeWillChange] attribute should be used to temporarily suppress the notice","file":"C:\\xampp\\htdocs\\koukaki\\wp-content\\plugins\\all-in-one-wp-migration\\lib\\vendor\\servmask\\filter\\class-ai1wm-recursive-newline-filter.php","line":28}

Oct 03 2023 10:25:51
{"type":8192,"message":"Return type of Ai1wm_Recursive_Newline_Filter::accept() should either be compatible with FilterIterator::accept(): bool, or the #[\\ReturnTypeWillChange] attribute should be used to temporarily suppress the notice","file":"C:\\xampp\\htdocs\\koukaki\\wp-content\\plugins\\all-in-one-wp-migration\\lib\\vendor\\servmask\\filter\\class-ai1wm-recursive-newline-filter.php","line":28}

Oct 03 2023 10:25:52
{"type":8192,"message":"Return type of Ai1wm_Recursive_Newline_Filter::accept() should either be compatible with FilterIterator::accept(): bool, or the #[\\ReturnTypeWillChange] attribute should be used to temporarily suppress the notice","file":"C:\\xampp\\htdocs\\koukaki\\wp-content\\plugins\\all-in-one-wp-migration\\lib\\vendor\\servmask\\filter\\class-ai1wm-recursive-newline-filter.php","line":28}

Oct 03 2023 10:25:52
{"type":8192,"message":"Return type of Ai1wm_Recursive_Newline_Filter::accept() should either be compatible with FilterIterator::accept(): bool, or the #[\\ReturnTypeWillChange] attribute should be used to temporarily suppress the notice","file":"C:\\xampp\\htdocs\\koukaki\\wp-content\\plugins\\all-in-one-wp-migration\\lib\\vendor\\servmask\\filter\\class-ai1wm-recursive-newline-filter.php","line":28}

Oct 03 2023 10:25:53
{"type":8192,"message":"Return type of Ai1wm_Recursive_Newline_Filter::accept() should either be compatible with FilterIterator::accept(): bool, or the #[\\ReturnTypeWillChange] attribute should be used to temporarily suppress the notice","file":"C:\\xampp\\htdocs\\koukaki\\wp-content\\plugins\\all-in-one-wp-migration\\lib\\vendor\\servmask\\filter\\class-ai1wm-recursive-newline-filter.php","line":28}

Oct 03 2023 10:25:53
{"Number":8192,"Message":"rtrim(): Passing null to parameter #1 ($string) of type string is deprecated","File":"C:\\xampp\\htdocs\\koukaki\\wp-includes\\formatting.php","Line":2827}

Oct 03 2023 10:25:53
{"Number":8192,"Message":"rtrim(): Passing null to parameter #1 ($string) of type string is deprecated","File":"C:\\xampp\\htdocs\\koukaki\\wp-includes\\formatting.php","Line":2827}

Oct 03 2023 10:25:53
{"Number":8192,"Message":"rtrim(): Passing null to parameter #1 ($string) of type string is deprecated","File":"C:\\xampp\\htdocs\\koukaki\\wp-includes\\formatting.php","Line":2827}

Oct 03 2023 10:25:53
{"Number":8192,"Message":"rtrim(): Passing null to parameter #1 ($string) of type string is deprecated","File":"C:\\xampp\\htdocs\\koukaki\\wp-includes\\formatting.php","Line":2827}

Oct 03 2023 10:25:53
{"Number":8192,"Message":"rtrim(): Passing null to parameter #1 ($string) of type string is deprecated","File":"C:\\xampp\\htdocs\\koukaki\\wp-includes\\formatting.php","Line":2827}

Oct 03 2023 10:25:53
{"Number":8192,"Message":"rtrim(): Passing null to parameter #1 ($string) of type string is deprecated","File":"C:\\xampp\\htdocs\\koukaki\\wp-includes\\formatting.php","Line":2827}

Oct 03 2023 10:25:53
{"Number":8192,"Message":"rtrim(): Passing null to parameter #1 ($string) of type string is deprecated","File":"C:\\xampp\\htdocs\\koukaki\\wp-includes\\formatting.php","Line":2827}

Oct 03 2023 10:25:53
{"Number":8192,"Message":"rtrim(): Passing null to parameter #1 ($string) of type string is deprecated","File":"C:\\xampp\\htdocs\\koukaki\\wp-includes\\formatting.php","Line":2827}

Oct 03 2023 10:25:53
{"Number":8192,"Message":"rtrim(): Passing null to parameter #1 ($string) of type string is deprecated","File":"C:\\xampp\\htdocs\\koukaki\\wp-includes\\formatting.php","Line":2827}

Oct 03 2023 10:25:53
{"Number":8192,"Message":"rtrim(): Passing null to parameter #1 ($string) of type string is deprecated","File":"C:\\xampp\\htdocs\\koukaki\\wp-includes\\formatting.php","Line":2827}

Oct 03 2023 10:25:53
{"Number":8192,"Message":"rtrim(): Passing null to parameter #1 ($string) of type string is deprecated","File":"C:\\xampp\\htdocs\\koukaki\\wp-includes\\formatting.php","Line":2827}

Oct 03 2023 10:25:53
{"Number":8192,"Message":"rtrim(): Passing null to parameter #1 ($string) of type string is deprecated","File":"C:\\xampp\\htdocs\\koukaki\\wp-includes\\formatting.php","Line":2827}

Oct 03 2023 10:25:53
{"Number":8192,"Message":"rtrim(): Passing null to parameter #1 ($string) of type string is deprecated","File":"C:\\xampp\\htdocs\\koukaki\\wp-includes\\formatting.php","Line":2827}

Oct 03 2023 10:25:53
{"Number":8192,"Message":"rtrim(): Passing null to parameter #1 ($string) of type string is deprecated","File":"C:\\xampp\\htdocs\\koukaki\\wp-includes\\formatting.php","Line":2827}

Oct 03 2023 10:25:53
{"Number":8192,"Message":"rtrim(): Passing null to parameter #1 ($string) of type string is deprecated","File":"C:\\xampp\\htdocs\\koukaki\\wp-includes\\formatting.php","Line":2827}

Oct 03 2023 10:25:53
{"Number":8192,"Message":"rtrim(): Passing null to parameter #1 ($string) of type string is deprecated","File":"C:\\xampp\\htdocs\\koukaki\\wp-includes\\formatting.php","Line":2827}

Oct 03 2023 10:25:53
{"Number":8192,"Message":"rtrim(): Passing null to parameter #1 ($string) of type string is deprecated","File":"C:\\xampp\\htdocs\\koukaki\\wp-includes\\formatting.php","Line":2827}

Oct 03 2023 10:25:53
{"Number":8192,"Message":"rtrim(): Passing null to parameter #1 ($string) of type string is deprecated","File":"C:\\xampp\\htdocs\\koukaki\\wp-includes\\formatting.php","Line":2827}

Oct 03 2023 10:25:53
{"Number":8192,"Message":"rtrim(): Passing null to parameter #1 ($string) of type string is deprecated","File":"C:\\xampp\\htdocs\\koukaki\\wp-includes\\formatting.php","Line":2827}

Oct 03 2023 10:25:53
{"Number":8192,"Message":"rtrim(): Passing null to parameter #1 ($string) of type string is deprecated","File":"C:\\xampp\\htdocs\\koukaki\\wp-includes\\formatting.php","Line":2827}

Oct 03 2023 10:25:53
{"Number":8192,"Message":"rtrim(): Passing null to parameter #1 ($string) of type string is deprecated","File":"C:\\xampp\\htdocs\\koukaki\\wp-includes\\formatting.php","Line":2827}

Oct 03 2023 10:25:53
{"Number":8192,"Message":"rtrim(): Passing null to parameter #1 ($string) of type string is deprecated","File":"C:\\xampp\\htdocs\\koukaki\\wp-includes\\formatting.php","Line":2827}

Oct 03 2023 10:25:53
{"Number":8192,"Message":"rtrim(): Passing null to parameter #1 ($string) of type string is deprecated","File":"C:\\xampp\\htdocs\\koukaki\\wp-includes\\formatting.php","Line":2827}

Oct 03 2023 10:25:53
{"Number":8192,"Message":"rtrim(): Passing null to parameter #1 ($string) of type string is deprecated","File":"C:\\xampp\\htdocs\\koukaki\\wp-includes\\formatting.php","Line":2827}

Oct 03 2023 10:25:53
{"Number":8192,"Message":"rtrim(): Passing null to parameter #1 ($string) of type string is deprecated","File":"C:\\xampp\\htdocs\\koukaki\\wp-includes\\formatting.php","Line":2827}

Oct 03 2023 10:25:53
{"Number":8192,"Message":"rtrim(): Passing null to parameter #1 ($string) of type string is deprecated","File":"C:\\xampp\\htdocs\\koukaki\\wp-includes\\formatting.php","Line":2827}

Oct 03 2023 10:25:53
{"Number":8192,"Message":"rtrim(): Passing null to parameter #1 ($string) of type string is deprecated","File":"C:\\xampp\\htdocs\\koukaki\\wp-includes\\formatting.php","Line":2827}

Oct 03 2023 10:25:53
{"Number":8192,"Message":"rtrim(): Passing null to parameter #1 ($string) of type string is deprecated","File":"C:\\xampp\\htdocs\\koukaki\\wp-includes\\formatting.php","Line":2827}

Oct 03 2023 10:25:53
{"Number":8192,"Message":"rtrim(): Passing null to parameter #1 ($string) of type string is deprecated","File":"C:\\xampp\\htdocs\\koukaki\\wp-includes\\formatting.php","Line":2827}

Oct 03 2023 10:25:53
{"Number":8192,"Message":"rtrim(): Passing null to parameter #1 ($string) of type string is deprecated","File":"C:\\xampp\\htdocs\\koukaki\\wp-includes\\formatting.php","Line":2827}

Oct 03 2023 10:25:53
{"Number":8192,"Message":"Creation of dynamic property Ai1wm_Database_Mysqli::$old_replace_raw_values is deprecated","File":"C:\\xampp\\htdocs\\koukaki\\wp-content\\plugins\\all-in-one-wp-migration\\lib\\vendor\\servmask\\database\\class-ai1wm-database.php","Line":300}

Oct 03 2023 10:25:53
{"Number":8192,"Message":"Creation of dynamic property Ai1wm_Database_Mysqli::$new_replace_raw_values is deprecated","File":"C:\\xampp\\htdocs\\koukaki\\wp-content\\plugins\\all-in-one-wp-migration\\lib\\vendor\\servmask\\database\\class-ai1wm-database.php","Line":321}

Oct 03 2023 10:25:54
{"type":8192,"message":"Return type of Ai1wm_Recursive_Newline_Filter::accept() should either be compatible with FilterIterator::accept(): bool, or the #[\\ReturnTypeWillChange] attribute should be used to temporarily suppress the notice","file":"C:\\xampp\\htdocs\\koukaki\\wp-content\\plugins\\all-in-one-wp-migration\\lib\\vendor\\servmask\\filter\\class-ai1wm-recursive-newline-filter.php","line":28}

Oct 03 2023 10:25:55
{"type":8192,"message":"Return type of Ai1wm_Recursive_Newline_Filter::accept() should either be compatible with FilterIterator::accept(): bool, or the #[\\ReturnTypeWillChange] attribute should be used to temporarily suppress the notice","file":"C:\\xampp\\htdocs\\koukaki\\wp-content\\plugins\\all-in-one-wp-migration\\lib\\vendor\\servmask\\filter\\class-ai1wm-recursive-newline-filter.php","line":28}

Oct 03 2023 10:25:56
{"type":8192,"message":"Return type of Ai1wm_Recursive_Newline_Filter::accept() should either be compatible with FilterIterator::accept(): bool, or the #[\\ReturnTypeWillChange] attribute should be used to temporarily suppress the notice","file":"C:\\xampp\\htdocs\\koukaki\\wp-content\\plugins\\all-in-one-wp-migration\\lib\\vendor\\servmask\\filter\\class-ai1wm-recursive-newline-filter.php","line":28}

